Using pre-set license
Built from '2020.3/china_unity/release' branch; Version is '2020.3.26f1c1 (cf0e0a163043) revision 13569546'; Using compiler version '192528614'; Build Type 'Release'
OS: 'Windows 11  (10.0.22000) 64bit CoreCountrySpecific' Language: 'zh' Physical Memory: 7841 MB
BatchMode: 1, IsHumanControllingUs: 0, StartBugReporterOnCrash: 0, Is64bit: 1, IsPro: 0

COMMAND LINE ARGUMENTS:
D:\Program Files\Unity\Hub\Editor\2020.3.26f1c1\Editor\Unity.exe
-adb2
-batchMode
-noUpm
-name
AssetImportWorker3
-projectPath
D:/Working/Program/ScienceA/GS2022/GStrategy2022-frontend
-logFile
Logs/AssetImportWorker3.log
-srvPort
60524
Successfully changed project path to: D:/Working/Program/ScienceA/GS2022/GStrategy2022-frontend
D:/Working/Program/ScienceA/GS2022/GStrategy2022-frontend
Using Asset Import Pipeline V2.
AS: AutoStreaming module initializing.