Using pre-set license
Built from '2020.3/china_unity/release' branch; Version is '2020.3.26f1c1 (cf0e0a163043) revision 13569546'; Using compiler version '192528614'; Build Type 'Release'
OS: 'Windows 11  (10.0.22000) 64bit CoreCountrySpecific' Language: 'zh' Physical Memory: 7841 MB
BatchMode: 1, IsHumanControllingUs: 0, StartBugReporterOnCrash: 0, Is64bit: 1, IsPro: 0

COMMAND LINE ARGUMENTS:
D:\Program Files\Unity\Hub\Editor\2020.3.26f1c1\Editor\Unity.exe
-adb2
-batchMode
-noUpm
-name
AssetImportWorker8
-projectPath
D:/Working/Program/ScienceA/GS2022/GStrategy2022-frontend
-logFile
Logs/AssetImportWorker8.log
-srvPort
62880
Successfully changed project path to: D:/Working/Program/ScienceA/GS2022/GStrategy2022-frontend
D:/Working/Program/ScienceA/GS2022/GStrategy2022-frontend
Using Asset Import Pipeline V2.
AS: AutoStreaming module initializing.Refreshing native plugins compatible for Editor in 101.87 ms, found 2 plugins.
Preloading 0 native plugins for Editor in 0.00 ms.
Initialize engine version: 2020.3.26f1c1 (cf0e0a163043)
[Subsystems] Discovering subsystems at path D:/Program Files/Unity/Hub/Editor/2020.3.26f1c1/Editor/Data/Resources/UnitySubsystems
[Subsystems] Discovering subsystems at path D:/Working/Program/ScienceA/GS2022/GStrategy2022-frontend/Assets
GfxDevice: creating device client; threaded=0
Direct3D:
    Version:  Direct3D 11.0 [level 11.1]
    Renderer: AMD Radeon(TM) Vega 8 Graphics (ID=0x15dd)
    Vendor:   
    VRAM:     3920 MB
    Driver:   25.20.14012.19004
Initialize mono
Mono path[0] = 'D:/Program Files/Unity/Hub/Editor/2020.3.26f1c1/Editor/Data/Managed'
Mono path[1] = 'D:/Program Files/Unity/Hub/Editor/2020.3.26f1c1/Editor/Data/MonoBleedingEdge/lib/mono/unityjit'
Mono config path = 'D:/Program Files/Unity/Hub/Editor/2020.3.26f1c1/Editor/Data/MonoBleedingEdge/etc'
Using monoOptions --debugger-agent=transport=dt_socket,embedding=1,server=y,suspend=n,address=127.0.0.1:56292
Begin MonoManager ReloadAssembly
Registering precompiled unity dll's ...
Register platform support module: D:/Program Files/Unity/Hub/Editor/2020.3.26f1c1/Editor/Data/PlaybackEngines/WebGLSupport/UnityEditor.WebGL.Extensions.dll
Register platform support module: D:/Program Files/Unity/Hub/Editor/2020.3.26f1c1/Editor/Data/PlaybackEngines/WindowsStandaloneSupport/UnityEditor.WindowsStandalone.Extensions.dll
Registered in 0.003632 seconds.
Native extension for WindowsStandalone target not found
Native extension for WebGL target not found
Refreshing native plugins compatible for Editor in 149.66 ms, found 2 plugins.
Preloading 0 native plugins for Editor in 0.00 ms.
Mono: successfully reloaded assembly
- Completed reload, in  2.326 seconds
Domain Reload Profiling:
	ReloadAssembly (2327ms)
		BeginReloadAssembly (268ms)
			ExecutionOrderSort (0ms)
			DisableScriptedObjects (0ms)
			BackupInstance (0ms)
			ReleaseScriptingObjects (0ms)
			CreateAndSetChildDomain (3ms)
		EndReloadAssembly (1830ms)
			LoadAssemblies (265ms)
			RebuildTransferFunctionScriptingTraits (0ms)
			SetupTypeCache (482ms)
			ReleaseScriptCaches (0ms)
			RebuildScriptCaches (95ms)
			SetupLoadedEditorAssemblies (746ms)
				LogAssemblyErrors (0ms)
				InitializePlatformSupportModulesInManaged (13ms)
				SetLoadedEditorAssemblies (1ms)
				RefreshPlugins (150ms)
				BeforeProcessingInitializeOnLoad (84ms)
				ProcessInitializeOnLoadAttributes (416ms)
				ProcessInitializeOnLoadMethodAttributes (81ms)
				AfterProcessingInitializeOnLoad (0ms)
				EditorAssembliesLoaded (0ms)
			ExecutionOrderSort2 (0ms)
			AwakeInstancesAfterBackupRestoration (0ms)
Platform modules already initialized, skipping
Registering precompiled user dll's ...
Registered in 0.004587 seconds.
Begin MonoManager ReloadAssembly
Native extension for WindowsStandalone target not found
Native extension for WebGL target not found
Refreshing native plugins compatible for Editor in 0.67 ms, found 2 plugins.
Preloading 0 native plugins for Editor in 0.00 ms.
Mono: successfully reloaded assembly
- Completed reload, in  5.498 seconds
Domain Reload Profiling:
	ReloadAssembly (5513ms)
		BeginReloadAssembly (885ms)
			ExecutionOrderSort (0ms)
			DisableScriptedObjects (15ms)
			BackupInstance (0ms)
			ReleaseScriptingObjects (0ms)
			CreateAndSetChildDomain (225ms)
		EndReloadAssembly (4453ms)
			LoadAssemblies (911ms)
			RebuildTransferFunctionScriptingTraits (0ms)
			SetupTypeCache (1569ms)
			ReleaseScriptCaches (1ms)
			RebuildScriptCaches (140ms)
			SetupLoadedEditorAssemblies (1532ms)
				LogAssemblyErrors (0ms)
				InitializePlatformSupportModulesInManaged (14ms)
				SetLoadedEditorAssemblies (1ms)
				RefreshPlugins (1ms)
				BeforeProcessingInitializeOnLoad (210ms)
				ProcessInitializeOnLoadAttributes (1154ms)
				ProcessInitializeOnLoadMethodAttributes (146ms)
				AfterProcessingInitializeOnLoad (5ms)
				EditorAssembliesLoaded (1ms)
			ExecutionOrderSort2 (0ms)
			AwakeInstancesAfterBackupRestoration (19ms)
Platform modules already initialized, skipping
========================================================================
Worker process is ready to serve import requests
Launched and connected shader compiler UnityShaderCompiler.exe after 1.91 seconds
Refreshing native plugins compatible for Editor in 1.13 ms, found 2 plugins.
Preloading 0 native plugins for Editor in 0.00 ms.
Unloading 1529 Unused Serialized files (Serialized files now loaded: 0)
System memory in use before: 86.5 MB.
System memory in use after: 86.5 MB.

Unloading 16 unused Assets to reduce memory usage. Loaded Objects now: 1985.
Total: 207.447500 ms (FindLiveObjects: 0.836500 ms CreateObjectMapping: 0.366900 ms MarkObjects: 206.045100 ms  DeleteObjects: 0.196300 ms)

AssetImportParameters requested are different than current active one (requested -> active):
  custom:framework-win-MediaFoundation: 216162199b28c13a410421893ffa2e32 -> 
  custom:video-decoder-ogg-theora: a1e56fd34408186e4bbccfd4996cb3dc -> 
  custom:container-muxer-webm: aa71ff27fc2769a1b78a27578f13a17b -> 
  custom:container-demuxer-webm: 4f35f7cbe854078d1ac9338744f61a02 -> 
  custom:container-demuxer-ogg: 62fdf1f143b41e24485cea50d1cbac27 -> 
  custom:video-encoder-webm-vp8: eb34c28f22e8b96e1ab97ce403110664 -> 
  custom:video-codec-MediaFoundation-h265: 746d11721c4dcdbdad8f713fa42b33f4 -> 
  custom:video-decoder-webm-vp8: 9c59270c3fd7afecdb556c50c9e8de78 -> 
  custom:audio-decoder-ogg-vorbis: bf7c407c2cedff20999df2af8eb42d56 -> 
  custom:audio-encoder-webm-vorbis: bf7c407c2cedff20999df2af8eb42d56 -> 
========================================================================
Received Import Request.
  path: Assets/Scripts/MapUnit.cs
  artifactKey: Guid(f990316568b80c049934654c8d870dcd) Importer(815301076,1909f56bfc062723c751e8b465ee728b)
Start importing Assets/Scripts/MapUnit.cs using Guid(f990316568b80c049934654c8d870dcd) Importer(815301076,1909f56bfc062723c751e8b465ee728b)  -> (artifact id: 'b76ebd7cfe9bc44ba8fe3a6b6cc820b4') in 0.157432 seconds 
  Import took 0.163743 seconds .

========================================================================
Received Import Request.
  Time since last request: 11.960769 seconds.
  path: Assets/Scripts/MapUnit.cs
  artifactKey: Guid(f990316568b80c049934654c8d870dcd) Importer(815301076,1909f56bfc062723c751e8b465ee728b)
Start importing Assets/Scripts/MapUnit.cs using Guid(f990316568b80c049934654c8d870dcd) Importer(815301076,1909f56bfc062723c751e8b465ee728b)  -> (artifact id: 'ae1af4d1886ee5ed0778b1ff7cc8d8dd') in 0.007993 seconds 
  Import took 0.014743 seconds .

========================================================================
Received Import Request.
  Time since last request: 25.075866 seconds.
  path: Assets/Scripts/MapUnit.cs
  artifactKey: Guid(f990316568b80c049934654c8d870dcd) Importer(815301076,1909f56bfc062723c751e8b465ee728b)
Start importing Assets/Scripts/MapUnit.cs using Guid(f990316568b80c049934654c8d870dcd) Importer(815301076,1909f56bfc062723c751e8b465ee728b)  -> (artifact id: 'ea3cbc4360cf305fad8990b20816af74') in 0.008462 seconds 
  Import took 0.015704 seconds .

========================================================================
Received Prepare
Registering precompiled user dll's ...
Registered in 3.051052 seconds.
Begin MonoManager ReloadAssembly
Native extension for WindowsStandalone target not found
Native extension for WebGL target not found
Refreshing native plugins compatible for Editor in 1.53 ms, found 2 plugins.
Preloading 0 native plugins for Editor in 0.00 ms.
Mono: successfully reloaded assembly
- Completed reload, in  4.584 seconds
Domain Reload Profiling:
	ReloadAssembly (4586ms)
		BeginReloadAssembly (494ms)
			ExecutionOrderSort (0ms)
			DisableScriptedObjects (16ms)
			BackupInstance (0ms)
			ReleaseScriptingObjects (0ms)
			CreateAndSetChildDomain (101ms)
		EndReloadAssembly (3819ms)
			LoadAssemblies (1155ms)
			RebuildTransferFunctionScriptingTraits (0ms)
			SetupTypeCache (900ms)
			ReleaseScriptCaches (2ms)
			RebuildScriptCaches (147ms)
			SetupLoadedEditorAssemblies (1168ms)
				LogAssemblyErrors (0ms)
				InitializePlatformSupportModulesInManaged (26ms)
				SetLoadedEditorAssemblies (1ms)
				RefreshPlugins (2ms)
				BeforeProcessingInitializeOnLoad (212ms)
				ProcessInitializeOnLoadAttributes (797ms)
				ProcessInitializeOnLoadMethodAttributes (123ms)
				AfterProcessingInitializeOnLoad (5ms)
				EditorAssembliesLoaded (1ms)
			ExecutionOrderSort2 (0ms)
			AwakeInstancesAfterBackupRestoration (19ms)
Platform modules already initialized, skipping
Refreshing native plugins compatible for Editor in 0.80 ms, found 2 plugins.
Preloading 0 native plugins for Editor in 0.00 ms.
Unloading 1510 Unused Serialized files (Serialized files now loaded: 0)
System memory in use before: 85.0 MB.
System memory in use after: 85.1 MB.

Unloading 11 unused Assets to reduce memory usage. Loaded Objects now: 1988.
Total: 6.962400 ms (FindLiveObjects: 0.296200 ms CreateObjectMapping: 0.245500 ms MarkObjects: 6.374700 ms  DeleteObjects: 0.043100 ms)

AssetImportParameters requested are different than current active one (requested -> active):
  custom:framework-win-MediaFoundation: 216162199b28c13a410421893ffa2e32 -> 
  custom:video-decoder-ogg-theora: a1e56fd34408186e4bbccfd4996cb3dc -> 
  custom:container-muxer-webm: aa71ff27fc2769a1b78a27578f13a17b -> 
  custom:container-demuxer-webm: 4f35f7cbe854078d1ac9338744f61a02 -> 
  custom:container-demuxer-ogg: 62fdf1f143b41e24485cea50d1cbac27 -> 
  custom:video-encoder-webm-vp8: eb34c28f22e8b96e1ab97ce403110664 -> 
  custom:video-codec-MediaFoundation-h265: 746d11721c4dcdbdad8f713fa42b33f4 -> 
  custom:video-decoder-webm-vp8: 9c59270c3fd7afecdb556c50c9e8de78 -> 
  custom:audio-decoder-ogg-vorbis: bf7c407c2cedff20999df2af8eb42d56 -> 
  custom:audio-encoder-webm-vorbis: bf7c407c2cedff20999df2af8eb42d56 -> 
========================================================================
Received Import Request.
  Time since last request: 45.719610 seconds.
  path: Assets/Scripts/MapUnit.cs
  artifactKey: Guid(f990316568b80c049934654c8d870dcd) Importer(815301076,1909f56bfc062723c751e8b465ee728b)
Start importing Assets/Scripts/MapUnit.cs using Guid(f990316568b80c049934654c8d870dcd) Importer(815301076,1909f56bfc062723c751e8b465ee728b)  -> (artifact id: 'b4c46c7b6af4f3203fd9b204b30eafb2') in 0.012626 seconds 
  Import took 0.020968 seconds .

========================================================================
Received Prepare
Registering precompiled user dll's ...
Registered in 0.006458 seconds.
Begin MonoManager ReloadAssembly
Native extension for WindowsStandalone target not found
Native extension for WebGL target not found
Refreshing native plugins compatible for Editor in 0.68 ms, found 2 plugins.
Preloading 0 native plugins for Editor in 0.00 ms.
Mono: successfully reloaded assembly
- Completed reload, in  2.992 seconds
Domain Reload Profiling:
	ReloadAssembly (2993ms)
		BeginReloadAssembly (343ms)
			ExecutionOrderSort (0ms)
			DisableScriptedObjects (14ms)
			BackupInstance (0ms)
			ReleaseScriptingObjects (0ms)
			CreateAndSetChildDomain (72ms)
		EndReloadAssembly (2386ms)
			LoadAssemblies (320ms)
			RebuildTransferFunctionScriptingTraits (0ms)
			SetupTypeCache (889ms)
			ReleaseScriptCaches (2ms)
			RebuildScriptCaches (109ms)
			SetupLoadedEditorAssemblies (865ms)
				LogAssemblyErrors (0ms)
				InitializePlatformSupportModulesInManaged (16ms)
				SetLoadedEditorAssemblies (2ms)
				RefreshPlugins (1ms)
				BeforeProcessingInitializeOnLoad (195ms)
				ProcessInitializeOnLoadAttributes (622ms)
				ProcessInitializeOnLoadMethodAttributes (24ms)
				AfterProcessingInitializeOnLoad (5ms)
				EditorAssembliesLoaded (1ms)
			ExecutionOrderSort2 (0ms)
			AwakeInstancesAfterBackupRestoration (20ms)
Platform modules already initialized, skipping
Refreshing native plugins compatible for Editor in 1.14 ms, found 2 plugins.
Preloading 0 native plugins for Editor in 0.00 ms.
Unloading 1510 Unused Serialized files (Serialized files now loaded: 0)
System memory in use before: 85.0 MB.
System memory in use after: 85.1 MB.

Unloading 11 unused Assets to reduce memory usage. Loaded Objects now: 1991.
Total: 6.445800 ms (FindLiveObjects: 0.301000 ms CreateObjectMapping: 0.102300 ms MarkObjects: 6.000200 ms  DeleteObjects: 0.039800 ms)

AssetImportParameters requested are different than current active one (requested -> active):
  custom:framework-win-MediaFoundation: 216162199b28c13a410421893ffa2e32 -> 
  custom:video-decoder-ogg-theora: a1e56fd34408186e4bbccfd4996cb3dc -> 
  custom:container-muxer-webm: aa71ff27fc2769a1b78a27578f13a17b -> 
  custom:container-demuxer-webm: 4f35f7cbe854078d1ac9338744f61a02 -> 
  custom:container-demuxer-ogg: 62fdf1f143b41e24485cea50d1cbac27 -> 
  custom:video-encoder-webm-vp8: eb34c28f22e8b96e1ab97ce403110664 -> 
  custom:video-codec-MediaFoundation-h265: 746d11721c4dcdbdad8f713fa42b33f4 -> 
  custom:video-decoder-webm-vp8: 9c59270c3fd7afecdb556c50c9e8de78 -> 
  custom:audio-decoder-ogg-vorbis: bf7c407c2cedff20999df2af8eb42d56 -> 
  custom:audio-encoder-webm-vorbis: bf7c407c2cedff20999df2af8eb42d56 -> 
========================================================================
Received Prepare
Registering precompiled user dll's ...
Registered in 0.009381 seconds.
Begin MonoManager ReloadAssembly
Native extension for WindowsStandalone target not found
Native extension for WebGL target not found
Refreshing native plugins compatible for Editor in 0.73 ms, found 2 plugins.
Preloading 0 native plugins for Editor in 0.00 ms.
Mono: successfully reloaded assembly
- Completed reload, in  2.956 seconds
Domain Reload Profiling:
	ReloadAssembly (2957ms)
		BeginReloadAssembly (327ms)
			ExecutionOrderSort (0ms)
			DisableScriptedObjects (14ms)
			BackupInstance (0ms)
			ReleaseScriptingObjects (0ms)
			CreateAndSetChildDomain (81ms)
		EndReloadAssembly (2435ms)
			LoadAssemblies (327ms)
			RebuildTransferFunctionScriptingTraits (0ms)
			SetupTypeCache (903ms)
			ReleaseScriptCaches (2ms)
			RebuildScriptCaches (103ms)
			SetupLoadedEditorAssemblies (863ms)
				LogAssemblyErrors (0ms)
				InitializePlatformSupportModulesInManaged (18ms)
				SetLoadedEditorAssemblies (2ms)
				RefreshPlugins (1ms)
				BeforeProcessingInitializeOnLoad (247ms)
				ProcessInitializeOnLoadAttributes (560ms)
				ProcessInitializeOnLoadMethodAttributes (30ms)
				AfterProcessingInitializeOnLoad (6ms)
				EditorAssembliesLoaded (1ms)
			ExecutionOrderSort2 (0ms)
			AwakeInstancesAfterBackupRestoration (19ms)
Platform modules already initialized, skipping
Refreshing native plugins compatible for Editor in 0.65 ms, found 2 plugins.
Preloading 0 native plugins for Editor in 0.00 ms.
Unloading 1510 Unused Serialized files (Serialized files now loaded: 0)
System memory in use before: 85.0 MB.
System memory in use after: 85.1 MB.

Unloading 11 unused Assets to reduce memory usage. Loaded Objects now: 1994.
Total: 7.292100 ms (FindLiveObjects: 0.279100 ms CreateObjectMapping: 0.090800 ms MarkObjects: 6.865900 ms  DeleteObjects: 0.053300 ms)

AssetImportParameters requested are different than current active one (requested -> active):
  custom:framework-win-MediaFoundation: 216162199b28c13a410421893ffa2e32 -> 
  custom:video-decoder-ogg-theora: a1e56fd34408186e4bbccfd4996cb3dc -> 
  custom:container-muxer-webm: aa71ff27fc2769a1b78a27578f13a17b -> 
  custom:container-demuxer-webm: 4f35f7cbe854078d1ac9338744f61a02 -> 
  custom:container-demuxer-ogg: 62fdf1f143b41e24485cea50d1cbac27 -> 
  custom:video-encoder-webm-vp8: eb34c28f22e8b96e1ab97ce403110664 -> 
  custom:video-codec-MediaFoundation-h265: 746d11721c4dcdbdad8f713fa42b33f4 -> 
  custom:video-decoder-webm-vp8: 9c59270c3fd7afecdb556c50c9e8de78 -> 
  custom:audio-decoder-ogg-vorbis: bf7c407c2cedff20999df2af8eb42d56 -> 
  custom:audio-encoder-webm-vorbis: bf7c407c2cedff20999df2af8eb42d56 -> 
========================================================================
Received Prepare
Registering precompiled user dll's ...
Registered in 0.008669 seconds.
Begin MonoManager ReloadAssembly
Native extension for WindowsStandalone target not found
Native extension for WebGL target not found
Refreshing native plugins compatible for Editor in 1.15 ms, found 2 plugins.
Preloading 0 native plugins for Editor in 0.00 ms.
Mono: successfully reloaded assembly
- Completed reload, in  2.852 seconds
Domain Reload Profiling:
	ReloadAssembly (2853ms)
		BeginReloadAssembly (361ms)
			ExecutionOrderSort (0ms)
			DisableScriptedObjects (15ms)
			BackupInstance (0ms)
			ReleaseScriptingObjects (0ms)
			CreateAndSetChildDomain (68ms)
		EndReloadAssembly (2299ms)
			LoadAssemblies (361ms)
			RebuildTransferFunctionScriptingTraits (0ms)
			SetupTypeCache (754ms)
			ReleaseScriptCaches (2ms)
			RebuildScriptCaches (117ms)
			SetupLoadedEditorAssemblies (880ms)
				LogAssemblyErrors (0ms)
				InitializePlatformSupportModulesInManaged (15ms)
				SetLoadedEditorAssemblies (2ms)
				RefreshPlugins (1ms)
				BeforeProcessingInitializeOnLoad (200ms)
				ProcessInitializeOnLoadAttributes (620ms)
				ProcessInitializeOnLoadMethodAttributes (31ms)
				AfterProcessingInitializeOnLoad (9ms)
				EditorAssembliesLoaded (1ms)
			ExecutionOrderSort2 (0ms)
			AwakeInstancesAfterBackupRestoration (27ms)
Platform modules already initialized, skipping
Refreshing native plugins compatible for Editor in 0.72 ms, found 2 plugins.
Preloading 0 native plugins for Editor in 0.00 ms.
Unloading 1510 Unused Serialized files (Serialized files now loaded: 0)
System memory in use before: 85.1 MB.
System memory in use after: 85.2 MB.

Unloading 11 unused Assets to reduce memory usage. Loaded Objects now: 1997.
Total: 7.282200 ms (FindLiveObjects: 0.261800 ms CreateObjectMapping: 0.090300 ms MarkObjects: 6.876300 ms  DeleteObjects: 0.050400 ms)

AssetImportParameters requested are different than current active one (requested -> active):
  custom:framework-win-MediaFoundation: 216162199b28c13a410421893ffa2e32 -> 
  custom:video-decoder-ogg-theora: a1e56fd34408186e4bbccfd4996cb3dc -> 
  custom:container-muxer-webm: aa71ff27fc2769a1b78a27578f13a17b -> 
  custom:container-demuxer-webm: 4f35f7cbe854078d1ac9338744f61a02 -> 
  custom:container-demuxer-ogg: 62fdf1f143b41e24485cea50d1cbac27 -> 
  custom:video-encoder-webm-vp8: eb34c28f22e8b96e1ab97ce403110664 -> 
  custom:video-codec-MediaFoundation-h265: 746d11721c4dcdbdad8f713fa42b33f4 -> 
  custom:video-decoder-webm-vp8: 9c59270c3fd7afecdb556c50c9e8de78 -> 
  custom:audio-decoder-ogg-vorbis: bf7c407c2cedff20999df2af8eb42d56 -> 
  custom:audio-encoder-webm-vorbis: bf7c407c2cedff20999df2af8eb42d56 -> 
========================================================================
Received Import Request.
  Time since last request: 257.719477 seconds.
  path: Assets/SurvivalStylizedCharacters/Assets/Prefabs/Weapons/assault_rifle2_fbx.prefab
  artifactKey: Guid(9160741e60e96244ca92bed7ce4f0fd2) Importer(815301076,1909f56bfc062723c751e8b465ee728b)
Start importing Assets/SurvivalStylizedCharacters/Assets/Prefabs/Weapons/assault_rifle2_fbx.prefab using Guid(9160741e60e96244ca92bed7ce4f0fd2) Importer(815301076,1909f56bfc062723c751e8b465ee728b)  -> (artifact id: '058fb6bf15941e875aad46a4302dd299') in 0.925263 seconds 
  Import took 1.001686 seconds .

========================================================================
Received Import Request.
  Time since last request: 0.000929 seconds.
  path: Assets/SurvivalStylizedCharacters/Assets/Prefabs/Characters/char_1.prefab
  artifactKey: Guid(44d57cfa07de346458450744785d8a7e) Importer(815301076,1909f56bfc062723c751e8b465ee728b)
Start importing Assets/SurvivalStylizedCharacters/Assets/Prefabs/Characters/char_1.prefab using Guid(44d57cfa07de346458450744785d8a7e) Importer(815301076,1909f56bfc062723c751e8b465ee728b)  -> (artifact id: '7cf9beef47b41ff07327d88935c654c0') in 0.332806 seconds 
  Import took 0.365176 seconds .

========================================================================
Received Import Request.
  Time since last request: 0.000850 seconds.
  path: Assets/SurvivalStylizedCharacters/Assets/Prefabs/Weapons/assault_rifle_fbx.prefab
  artifactKey: Guid(75c5731fae2da124980869e2e8446d76) Importer(815301076,1909f56bfc062723c751e8b465ee728b)
Start importing Assets/SurvivalStylizedCharacters/Assets/Prefabs/Weapons/assault_rifle_fbx.prefab using Guid(75c5731fae2da124980869e2e8446d76) Importer(815301076,1909f56bfc062723c751e8b465ee728b)  -> (artifact id: '933182957f02d48109dc6d7c039c47fa') in 0.107708 seconds 
  Import took 0.133614 seconds .

========================================================================
Received Import Request.
  Time since last request: 0.000926 seconds.
  path: Assets/SurvivalStylizedCharacters/Assets/Prefabs/Weapons/sniper_rifle_fbx.prefab
  artifactKey: Guid(8780811ac3932774fb31974815835456) Importer(815301076,1909f56bfc062723c751e8b465ee728b)
Start importing Assets/SurvivalStylizedCharacters/Assets/Prefabs/Weapons/sniper_rifle_fbx.prefab using Guid(8780811ac3932774fb31974815835456) Importer(815301076,1909f56bfc062723c751e8b465ee728b)  -> (artifact id: '1ed5ed1e50bd3b4bf4a711d81afd178b') in 0.118398 seconds 
  Import took 0.140285 seconds .

========================================================================
Received Import Request.
  Time since last request: 0.000865 seconds.
  path: Assets/SurvivalStylizedCharacters/Assets/Prefabs/Weapons/pistol_fbx.prefab
  artifactKey: Guid(c3e70504d31929042899b5067e88eb1d) Importer(815301076,1909f56bfc062723c751e8b465ee728b)
Start importing Assets/SurvivalStylizedCharacters/Assets/Prefabs/Weapons/pistol_fbx.prefab using Guid(c3e70504d31929042899b5067e88eb1d) Importer(815301076,1909f56bfc062723c751e8b465ee728b)  -> (artifact id: 'dd168b37ad281f216d8c9e56edde2d95') in 0.059129 seconds 
  Import took 0.086558 seconds .

========================================================================
Received Import Request.
  Time since last request: 0.000754 seconds.
  path: Assets/SurvivalStylizedCharacters/Assets/Prefabs/Weapons/Bat_fbx.prefab
  artifactKey: Guid(3da703c35c2c1b74685355037f1383ec) Importer(815301076,1909f56bfc062723c751e8b465ee728b)
Start importing Assets/SurvivalStylizedCharacters/Assets/Prefabs/Weapons/Bat_fbx.prefab using Guid(3da703c35c2c1b74685355037f1383ec) Importer(815301076,1909f56bfc062723c751e8b465ee728b)  -> (artifact id: '6adea341839c403b88fa081589e8ad0d') in 0.390453 seconds 
  Import took 0.430354 seconds .

========================================================================
Received Import Request.
  Time since last request: 0.000721 seconds.
  path: Assets/Prefabs/player.prefab
  artifactKey: Guid(c615188887e76d7419ad23da89a507ce) Importer(815301076,1909f56bfc062723c751e8b465ee728b)
Start importing Assets/Prefabs/player.prefab using Guid(c615188887e76d7419ad23da89a507ce) Importer(815301076,1909f56bfc062723c751e8b465ee728b)  -> (artifact id: '26ef5d8374ae79f93056a1e6382990da') in 0.697573 seconds 
  Import took 0.725491 seconds .

========================================================================
Received Import Request.
  Time since last request: 0.000766 seconds.
  path: Assets/SurvivalStylizedCharacters/Assets/Prefabs/Characters/char_3.prefab
  artifactKey: Guid(1b4f3625cd6fe4244acde69f896d820e) Importer(815301076,1909f56bfc062723c751e8b465ee728b)
Start importing Assets/SurvivalStylizedCharacters/Assets/Prefabs/Characters/char_3.prefab using Guid(1b4f3625cd6fe4244acde69f896d820e) Importer(815301076,1909f56bfc062723c751e8b465ee728b)  -> (artifact id: 'db91aaa655a02904ecc804e882f7fe67') in 0.080616 seconds 
  Import took 0.113281 seconds .

========================================================================
Received Import Request.
  Time since last request: 0.000744 seconds.
  path: Assets/Prefabs/MapUnit.prefab
  artifactKey: Guid(f4532767a3fbe3f4d993bce980b91874) Importer(815301076,1909f56bfc062723c751e8b465ee728b)
Start importing Assets/Prefabs/MapUnit.prefab using Guid(f4532767a3fbe3f4d993bce980b91874) Importer(815301076,1909f56bfc062723c751e8b465ee728b)  -> (artifact id: 'ae9eaae8443620d423aeb309fad335e5') in 0.151642 seconds 
  Import took 0.183719 seconds .

========================================================================
Received Import Request.
  Time since last request: 0.000732 seconds.
  path: Assets/SurvivalStylizedCharacters/Assets/Prefabs/Characters/char_4.prefab
  artifactKey: Guid(4e5d0daefaaf553449b490651cc7113a) Importer(815301076,1909f56bfc062723c751e8b465ee728b)
Start importing Assets/SurvivalStylizedCharacters/Assets/Prefabs/Characters/char_4.prefab using Guid(4e5d0daefaaf553449b490651cc7113a) Importer(815301076,1909f56bfc062723c751e8b465ee728b)  -> (artifact id: '6fafa85cee593294dfbced6f3a2ca549') in 0.047324 seconds 
  Import took 0.066904 seconds .

========================================================================
Received Import Request.
  Time since last request: 0.000947 seconds.
  path: Assets/SurvivalStylizedCharacters/Assets/Prefabs/Characters/char_2.prefab
  artifactKey: Guid(5b7601361e8b568479838ce82b7809d7) Importer(815301076,1909f56bfc062723c751e8b465ee728b)
Start importing Assets/SurvivalStylizedCharacters/Assets/Prefabs/Characters/char_2.prefab using Guid(5b7601361e8b568479838ce82b7809d7) Importer(815301076,1909f56bfc062723c751e8b465ee728b)  -> (artifact id: '0c6931f64819b1bdf0f1377500afe650') in 0.047227 seconds 
  Import took 0.077044 seconds .

========================================================================
Received Import Request.
  Time since last request: 20.727853 seconds.
  path: Assets/Prefabs/HexLabel.prefab
  artifactKey: Guid(d1a6e53de6168bb4f80bcf6fd73ab484) Importer(815301076,1909f56bfc062723c751e8b465ee728b)
Start importing Assets/Prefabs/HexLabel.prefab using Guid(d1a6e53de6168bb4f80bcf6fd73ab484) Importer(815301076,1909f56bfc062723c751e8b465ee728b)  -> (artifact id: 'acdb78409f245f6c69374f82db498a33') in 0.080438 seconds 
  Import took 0.238218 seconds .

========================================================================
Received Import Request.
  Time since last request: 25.580387 seconds.
  path: Assets/Prefabs/Text.prefab
  artifactKey: Guid(fb329646950d5e44ab4fec510a77681a) Importer(815301076,1909f56bfc062723c751e8b465ee728b)
Start importing Assets/Prefabs/Text.prefab using Guid(fb329646950d5e44ab4fec510a77681a) Importer(815301076,1909f56bfc062723c751e8b465ee728b)  -> (artifact id: '4ba6df4cbce25c7c467424bf14fa5cb7') in 0.020982 seconds 
  Import took 0.170104 seconds .

========================================================================
Received Import Request.
  Time since last request: 0.000759 seconds.
  path: Assets/Prefabs/HexLabel.prefab
  artifactKey: Guid(d1a6e53de6168bb4f80bcf6fd73ab484) Importer(815301076,1909f56bfc062723c751e8b465ee728b)
Start importing Assets/Prefabs/HexLabel.prefab using Guid(d1a6e53de6168bb4f80bcf6fd73ab484) Importer(815301076,1909f56bfc062723c751e8b465ee728b)  -> (artifact id: '19190920d5ceb442bd295cc970d264c1') in 0.023792 seconds 
  Import took 0.033029 seconds .

========================================================================
Received Prepare
Registering precompiled user dll's ...
Registered in 0.015450 seconds.
Begin MonoManager ReloadAssembly
Native extension for WindowsStandalone target not found
Native extension for WebGL target not found
Refreshing native plugins compatible for Editor in 0.75 ms, found 2 plugins.
Preloading 0 native plugins for Editor in 0.00 ms.
Mono: successfully reloaded assembly
- Completed reload, in  2.892 seconds
Domain Reload Profiling:
	ReloadAssembly (2894ms)
		BeginReloadAssembly (370ms)
			ExecutionOrderSort (0ms)
			DisableScriptedObjects (16ms)
			BackupInstance (0ms)
			ReleaseScriptingObjects (0ms)
			CreateAndSetChildDomain (89ms)
		EndReloadAssembly (2347ms)
			LoadAssemblies (345ms)
			RebuildTransferFunctionScriptingTraits (0ms)
			SetupTypeCache (958ms)
			ReleaseScriptCaches (1ms)
			RebuildScriptCaches (69ms)
			SetupLoadedEditorAssemblies (869ms)
				LogAssemblyErrors (0ms)
				InitializePlatformSupportModulesInManaged (9ms)
				SetLoadedEditorAssemblies (1ms)
				RefreshPlugins (1ms)
				BeforeProcessingInitializeOnLoad (230ms)
				ProcessInitializeOnLoadAttributes (574ms)
				ProcessInitializeOnLoadMethodAttributes (45ms)
				AfterProcessingInitializeOnLoad (8ms)
				EditorAssembliesLoaded (1ms)
			ExecutionOrderSort2 (0ms)
			AwakeInstancesAfterBackupRestoration (29ms)
Platform modules already initialized, skipping
Refreshing native plugins compatible for Editor in 1.71 ms, found 2 plugins.
Preloading 0 native plugins for Editor in 0.00 ms.
Unloading 1510 Unused Serialized files (Serialized files now loaded: 0)
System memory in use before: 102.2 MB.
System memory in use after: 102.3 MB.

Unloading 11 unused Assets to reduce memory usage. Loaded Objects now: 2011.
Total: 38.903700 ms (FindLiveObjects: 7.916600 ms CreateObjectMapping: 0.608600 ms MarkObjects: 30.249000 ms  DeleteObjects: 0.118700 ms)

AssetImportParameters requested are different than current active one (requested -> active):
  custom:framework-win-MediaFoundation: 216162199b28c13a410421893ffa2e32 -> 
  custom:video-decoder-ogg-theora: a1e56fd34408186e4bbccfd4996cb3dc -> 
  custom:container-muxer-webm: aa71ff27fc2769a1b78a27578f13a17b -> 
  custom:container-demuxer-webm: 4f35f7cbe854078d1ac9338744f61a02 -> 
  custom:container-demuxer-ogg: 62fdf1f143b41e24485cea50d1cbac27 -> 
  custom:video-encoder-webm-vp8: eb34c28f22e8b96e1ab97ce403110664 -> 
  custom:video-codec-MediaFoundation-h265: 746d11721c4dcdbdad8f713fa42b33f4 -> 
  custom:video-decoder-webm-vp8: 9c59270c3fd7afecdb556c50c9e8de78 -> 
  custom:audio-decoder-ogg-vorbis: bf7c407c2cedff20999df2af8eb42d56 -> 
  custom:audio-encoder-webm-vorbis: bf7c407c2cedff20999df2af8eb42d56 -> 
========================================================================
Received Prepare
Registering precompiled user dll's ...
Registered in 0.011760 seconds.
Begin MonoManager ReloadAssembly
Native extension for WindowsStandalone target not found
Native extension for WebGL target not found
Refreshing native plugins compatible for Editor in 0.69 ms, found 2 plugins.
Preloading 0 native plugins for Editor in 0.00 ms.
Mono: successfully reloaded assembly
- Completed reload, in  3.795 seconds
Domain Reload Profiling:
	ReloadAssembly (3797ms)
		BeginReloadAssembly (493ms)
			ExecutionOrderSort (0ms)
			DisableScriptedObjects (25ms)
			BackupInstance (0ms)
			ReleaseScriptingObjects (0ms)
			CreateAndSetChildDomain (125ms)
		EndReloadAssembly (3031ms)
			LoadAssemblies (564ms)
			RebuildTransferFunctionScriptingTraits (0ms)
			SetupTypeCache (1185ms)
			ReleaseScriptCaches (6ms)
			RebuildScriptCaches (171ms)
			SetupLoadedEditorAssemblies (895ms)
				LogAssemblyErrors (0ms)
				InitializePlatformSupportModulesInManaged (14ms)
				SetLoadedEditorAssemblies (1ms)
				RefreshPlugins (1ms)
				BeforeProcessingInitializeOnLoad (198ms)
				ProcessInitializeOnLoadAttributes (638ms)
				ProcessInitializeOnLoadMethodAttributes (34ms)
				AfterProcessingInitializeOnLoad (7ms)
				EditorAssembliesLoaded (1ms)
			ExecutionOrderSort2 (0ms)
			AwakeInstancesAfterBackupRestoration (25ms)
Platform modules already initialized, skipping
Refreshing native plugins compatible for Editor in 0.70 ms, found 2 plugins.
Preloading 0 native plugins for Editor in 0.00 ms.
Unloading 1510 Unused Serialized files (Serialized files now loaded: 0)
System memory in use before: 102.2 MB.
System memory in use after: 102.3 MB.

Unloading 11 unused Assets to reduce memory usage. Loaded Objects now: 2014.
Total: 7.082300 ms (FindLiveObjects: 0.349200 ms CreateObjectMapping: 0.101700 ms MarkObjects: 6.574500 ms  DeleteObjects: 0.054100 ms)

AssetImportParameters requested are different than current active one (requested -> active):
  custom:framework-win-MediaFoundation: 216162199b28c13a410421893ffa2e32 -> 
  custom:video-decoder-ogg-theora: a1e56fd34408186e4bbccfd4996cb3dc -> 
  custom:container-muxer-webm: aa71ff27fc2769a1b78a27578f13a17b -> 
  custom:container-demuxer-webm: 4f35f7cbe854078d1ac9338744f61a02 -> 
  custom:container-demuxer-ogg: 62fdf1f143b41e24485cea50d1cbac27 -> 
  custom:video-encoder-webm-vp8: eb34c28f22e8b96e1ab97ce403110664 -> 
  custom:video-codec-MediaFoundation-h265: 746d11721c4dcdbdad8f713fa42b33f4 -> 
  custom:video-decoder-webm-vp8: 9c59270c3fd7afecdb556c50c9e8de78 -> 
  custom:audio-decoder-ogg-vorbis: bf7c407c2cedff20999df2af8eb42d56 -> 
  custom:audio-encoder-webm-vorbis: bf7c407c2cedff20999df2af8eb42d56 -> 
========================================================================
Received Import Request.
  Time since last request: 148.486974 seconds.
  path: Assets/Animations/model/ybot@Idle.fbx
  artifactKey: Guid(675e44af54876a04b88d57c9fd982ede) Importer(815301076,1909f56bfc062723c751e8b465ee728b)
Start importing Assets/Animations/model/ybot@Idle.fbx using Guid(675e44af54876a04b88d57c9fd982ede) Importer(815301076,1909f56bfc062723c751e8b465ee728b)  -> (artifact id: '7a0fe8bfd3f1d66dbedaf74852be7a16') in 1.109220 seconds 
  Import took 1.118007 seconds .

========================================================================
Received Import Request.
  Time since last request: 0.000899 seconds.
  path: Assets/SurvivalStylizedCharacters/Assets/Materials/colors.mat
  artifactKey: Guid(5661d5d4e19a87847853839e09102c7e) Importer(815301076,1909f56bfc062723c751e8b465ee728b)
Start importing Assets/SurvivalStylizedCharacters/Assets/Materials/colors.mat using Guid(5661d5d4e19a87847853839e09102c7e) Importer(815301076,1909f56bfc062723c751e8b465ee728b)  -> (artifact id: 'c1c6bf99d3a74d778ff524492b98dd0b') in 0.125798 seconds 
  Import took 0.133283 seconds .

========================================================================
Received Import Request.
  Time since last request: 0.000713 seconds.
  path: Assets/Fonts/Roboto-Medium.ttf
  artifactKey: Guid(cb4e65d101f071d4e9f7e548e28a7165) Importer(815301076,1909f56bfc062723c751e8b465ee728b)
Start importing Assets/Fonts/Roboto-Medium.ttf using Guid(cb4e65d101f071d4e9f7e548e28a7165) Importer(815301076,1909f56bfc062723c751e8b465ee728b)  -> (artifact id: '550c7e015b1443237a2e0f7d1e0a7a8a') in 0.319623 seconds 
  Import took 0.328074 seconds .

========================================================================
Received Import Request.
  Time since last request: 0.000824 seconds.
  path: Assets/Fonts/Roboto-Thin.ttf
  artifactKey: Guid(d70e8a00004223b40b2ff7401fd6563b) Importer(815301076,1909f56bfc062723c751e8b465ee728b)
Start importing Assets/Fonts/Roboto-Thin.ttf using Guid(d70e8a00004223b40b2ff7401fd6563b) Importer(815301076,1909f56bfc062723c751e8b465ee728b)  -> (artifact id: 'f4b42d4726bd0477e0039027b4974aa2') in 0.089953 seconds 
  Import took 0.096983 seconds .

========================================================================
Received Import Request.
  Time since last request: 0.000658 seconds.
  path: Assets/Fonts/Roboto-Regular.ttf
  artifactKey: Guid(ee07f4bfe11336e4ab965d9d04e031d3) Importer(815301076,1909f56bfc062723c751e8b465ee728b)
Start importing Assets/Fonts/Roboto-Regular.ttf using Guid(ee07f4bfe11336e4ab965d9d04e031d3) Importer(815301076,1909f56bfc062723c751e8b465ee728b)  -> (artifact id: '70049a406e3276ded072141491afc6ca') in 0.086075 seconds 
  Import took 0.094290 seconds .

========================================================================
Received Import Request.
  Time since last request: 0.000733 seconds.
  path: Assets/Fonts/Roboto-ThinItalic.ttf
  artifactKey: Guid(257f7c7b71a43c849b4a106487e887fc) Importer(815301076,1909f56bfc062723c751e8b465ee728b)
Start importing Assets/Fonts/Roboto-ThinItalic.ttf using Guid(257f7c7b71a43c849b4a106487e887fc) Importer(815301076,1909f56bfc062723c751e8b465ee728b)  -> (artifact id: '1b0b19a687b0a4428ce91345b100e17f') in 0.146705 seconds 
  Import took 0.153687 seconds .

========================================================================
Received Prepare
Registering precompiled user dll's ...
Registered in 0.339866 seconds.
Begin MonoManager ReloadAssembly
Native extension for WindowsStandalone target not found
Native extension for WebGL target not found
Refreshing native plugins compatible for Editor in 0.67 ms, found 2 plugins.
Preloading 0 native plugins for Editor in 0.00 ms.
Mono: successfully reloaded assembly
- Completed reload, in  4.210 seconds
Domain Reload Profiling:
	ReloadAssembly (4212ms)
		BeginReloadAssembly (420ms)
			ExecutionOrderSort (0ms)
			DisableScriptedObjects (23ms)
			BackupInstance (0ms)
			ReleaseScriptingObjects (0ms)
			CreateAndSetChildDomain (95ms)
		EndReloadAssembly (3578ms)
			LoadAssemblies (1306ms)
			RebuildTransferFunctionScriptingTraits (0ms)
			SetupTypeCache (986ms)
			ReleaseScriptCaches (2ms)
			RebuildScriptCaches (107ms)
			SetupLoadedEditorAssemblies (1020ms)
				LogAssemblyErrors (0ms)
				InitializePlatformSupportModulesInManaged (15ms)
				SetLoadedEditorAssemblies (1ms)
				RefreshPlugins (1ms)
				BeforeProcessingInitializeOnLoad (238ms)
				ProcessInitializeOnLoadAttributes (618ms)
				ProcessInitializeOnLoadMethodAttributes (139ms)
				AfterProcessingInitializeOnLoad (5ms)
				EditorAssembliesLoaded (1ms)
			ExecutionOrderSort2 (0ms)
			AwakeInstancesAfterBackupRestoration (23ms)
Platform modules already initialized, skipping
Refreshing native plugins compatible for Editor in 4.59 ms, found 2 plugins.
Preloading 0 native plugins for Editor in 0.00 ms.
Unloading 1510 Unused Serialized files (Serialized files now loaded: 0)
System memory in use before: 102.7 MB.
System memory in use after: 102.8 MB.

Unloading 11 unused Assets to reduce memory usage. Loaded Objects now: 2058.
Total: 38.617300 ms (FindLiveObjects: 2.495400 ms CreateObjectMapping: 0.517700 ms MarkObjects: 35.540400 ms  DeleteObjects: 0.056500 ms)

AssetImportParameters requested are different than current active one (requested -> active):
  custom:framework-win-MediaFoundation: 216162199b28c13a410421893ffa2e32 -> 
  custom:video-decoder-ogg-theora: a1e56fd34408186e4bbccfd4996cb3dc -> 
  custom:container-muxer-webm: aa71ff27fc2769a1b78a27578f13a17b -> 
  custom:container-demuxer-webm: 4f35f7cbe854078d1ac9338744f61a02 -> 
  custom:container-demuxer-ogg: 62fdf1f143b41e24485cea50d1cbac27 -> 
  custom:video-encoder-webm-vp8: eb34c28f22e8b96e1ab97ce403110664 -> 
  custom:video-codec-MediaFoundation-h265: 746d11721c4dcdbdad8f713fa42b33f4 -> 
  custom:video-decoder-webm-vp8: 9c59270c3fd7afecdb556c50c9e8de78 -> 
  custom:audio-decoder-ogg-vorbis: bf7c407c2cedff20999df2af8eb42d56 -> 
  custom:audio-encoder-webm-vorbis: bf7c407c2cedff20999df2af8eb42d56 -> 
========================================================================
Received Import Request.
  Time since last request: 112.888623 seconds.
  path: Assets/SurvivalStylizedCharacters/Assets/Materials/colors.psd
  artifactKey: Guid(dc4d02dc60ca8b9448d5184b07170381) Importer(815301076,1909f56bfc062723c751e8b465ee728b)
Start importing Assets/SurvivalStylizedCharacters/Assets/Materials/colors.psd using Guid(dc4d02dc60ca8b9448d5184b07170381) Importer(815301076,1909f56bfc062723c751e8b465ee728b)  -> (artifact id: '4d4af933000a6a691640e32991ec2c3a') in 0.381881 seconds 
  Import took 0.434113 seconds .

========================================================================
Received Import Request.
  Time since last request: 0.004186 seconds.
  path: Assets/SurvivalStylizedCharacters/Assets/Materials/WeaponPick.mat
  artifactKey: Guid(e5471829ca39f6c4892ab9153703533e) Importer(815301076,1909f56bfc062723c751e8b465ee728b)
Start importing Assets/SurvivalStylizedCharacters/Assets/Materials/WeaponPick.mat using Guid(e5471829ca39f6c4892ab9153703533e) Importer(815301076,1909f56bfc062723c751e8b465ee728b)  -> (artifact id: '5ae14fa2e522a14a0ac08c316563104d') in 0.264612 seconds 
  Import took 0.333141 seconds .

========================================================================
Received Import Request.
  Time since last request: 0.001065 seconds.
  path: Assets/SurvivalStylizedCharacters/Assets/Models/background.fbx
  artifactKey: Guid(8a16c04365653044ea5ee2ab2574df70) Importer(815301076,1909f56bfc062723c751e8b465ee728b)
Start importing Assets/SurvivalStylizedCharacters/Assets/Models/background.fbx using Guid(8a16c04365653044ea5ee2ab2574df70) Importer(815301076,1909f56bfc062723c751e8b465ee728b)  -> (artifact id: '0964f907d93b431048809af4880e1099') in 0.314468 seconds 
  Import took 0.352050 seconds .

========================================================================
Received Import Request.
  Time since last request: 0.000964 seconds.
  path: Assets/SurvivalStylizedCharacters/Assets/Materials/Grid.mat
  artifactKey: Guid(6f30b5440e8b05d4baeb4c76d3da59b1) Importer(815301076,1909f56bfc062723c751e8b465ee728b)
Start importing Assets/SurvivalStylizedCharacters/Assets/Materials/Grid.mat using Guid(6f30b5440e8b05d4baeb4c76d3da59b1) Importer(815301076,1909f56bfc062723c751e8b465ee728b)  -> (artifact id: 'c67b703ba7b5eb1e26e11f4199044cf4') in 0.151602 seconds 
  Import took 0.206857 seconds .

========================================================================
Received Import Request.
  Time since last request: 0.006873 seconds.
  path: Assets/SurvivalStylizedCharacters/Assets/Materials/grid.jpg
  artifactKey: Guid(1ded7491cebb4a34286f4ab4ba59b309) Importer(815301076,1909f56bfc062723c751e8b465ee728b)
Start importing Assets/SurvivalStylizedCharacters/Assets/Materials/grid.jpg using Guid(1ded7491cebb4a34286f4ab4ba59b309) Importer(815301076,1909f56bfc062723c751e8b465ee728b)  -> (artifact id: '1ef1f971f3e0ca27b22eee8b7e30fe0d') in 0.218226 seconds 
  Import took 0.356223 seconds .

========================================================================
Received Import Request.
  Time since last request: 0.000820 seconds.
  path: Assets/SurvivalStylizedCharacters/Assets/Materials/colors_spec.psd
  artifactKey: Guid(d9af6c3430accb8419b722a1d8881041) Importer(815301076,1909f56bfc062723c751e8b465ee728b)
Start importing Assets/SurvivalStylizedCharacters/Assets/Materials/colors_spec.psd using Guid(d9af6c3430accb8419b722a1d8881041) Importer(815301076,1909f56bfc062723c751e8b465ee728b)  -> (artifact id: '6aa7fb23c85f60079bcb839293b5e05d') in 0.173603 seconds 
  Import took 0.220324 seconds .

========================================================================
Received Import Request.
  Time since last request: 10.435533 seconds.
  path: Assets/Scripts/HexGrid.cs
  artifactKey: Guid(a79bef3c263281040bdeecc1bc21b192) Importer(815301076,1909f56bfc062723c751e8b465ee728b)
Start importing Assets/Scripts/HexGrid.cs using Guid(a79bef3c263281040bdeecc1bc21b192) Importer(815301076,1909f56bfc062723c751e8b465ee728b)  -> (artifact id: '1ab976ac28abd91fe8440d1bdbf765f5') in 0.017396 seconds 
  Import took 0.027793 seconds .

========================================================================
Received Prepare
Registering precompiled user dll's ...
Registered in 0.063692 seconds.
Begin MonoManager ReloadAssembly
Native extension for WindowsStandalone target not found
Native extension for WebGL target not found
Refreshing native plugins compatible for Editor in 1.92 ms, found 2 plugins.
Preloading 0 native plugins for Editor in 0.00 ms.
Mono: successfully reloaded assembly
- Completed reload, in  4.039 seconds
Domain Reload Profiling:
	ReloadAssembly (4041ms)
		BeginReloadAssembly (483ms)
			ExecutionOrderSort (0ms)
			DisableScriptedObjects (24ms)
			BackupInstance (0ms)
			ReleaseScriptingObjects (0ms)
			CreateAndSetChildDomain (146ms)
		EndReloadAssembly (3357ms)
			LoadAssemblies (432ms)
			RebuildTransferFunctionScriptingTraits (0ms)
			SetupTypeCache (846ms)
			ReleaseScriptCaches (3ms)
			RebuildScriptCaches (132ms)
			SetupLoadedEditorAssemblies (1485ms)
				LogAssemblyErrors (0ms)
				InitializePlatformSupportModulesInManaged (22ms)
				SetLoadedEditorAssemblies (3ms)
				RefreshPlugins (2ms)
				BeforeProcessingInitializeOnLoad (273ms)
				ProcessInitializeOnLoadAttributes (883ms)
				ProcessInitializeOnLoadMethodAttributes (130ms)
				AfterProcessingInitializeOnLoad (170ms)
				EditorAssembliesLoaded (2ms)
			ExecutionOrderSort2 (0ms)
			AwakeInstancesAfterBackupRestoration (114ms)
Platform modules already initialized, skipping
Refreshing native plugins compatible for Editor in 1.79 ms, found 2 plugins.
Preloading 0 native plugins for Editor in 0.00 ms.
Unloading 1510 Unused Serialized files (Serialized files now loaded: 0)
System memory in use before: 102.7 MB.
System memory in use after: 102.8 MB.

Unloading 12 unused Assets to reduce memory usage. Loaded Objects now: 2064.
Total: 14.580600 ms (FindLiveObjects: 1.522100 ms CreateObjectMapping: 0.475300 ms MarkObjects: 12.411300 ms  DeleteObjects: 0.165500 ms)

AssetImportParameters requested are different than current active one (requested -> active):
  custom:framework-win-MediaFoundation: 216162199b28c13a410421893ffa2e32 -> 
  custom:video-decoder-ogg-theora: a1e56fd34408186e4bbccfd4996cb3dc -> 
  custom:container-muxer-webm: aa71ff27fc2769a1b78a27578f13a17b -> 
  custom:container-demuxer-webm: 4f35f7cbe854078d1ac9338744f61a02 -> 
  custom:container-demuxer-ogg: 62fdf1f143b41e24485cea50d1cbac27 -> 
  custom:video-encoder-webm-vp8: eb34c28f22e8b96e1ab97ce403110664 -> 
  custom:video-codec-MediaFoundation-h265: 746d11721c4dcdbdad8f713fa42b33f4 -> 
  custom:video-decoder-webm-vp8: 9c59270c3fd7afecdb556c50c9e8de78 -> 
  custom:audio-decoder-ogg-vorbis: bf7c407c2cedff20999df2af8eb42d56 -> 
  custom:audio-encoder-webm-vorbis: bf7c407c2cedff20999df2af8eb42d56 -> 
========================================================================
Received Import Request.
  Time since last request: 86.299147 seconds.
  path: Assets/Scripts/HexGrid.cs
  artifactKey: Guid(a79bef3c263281040bdeecc1bc21b192) Importer(815301076,1909f56bfc062723c751e8b465ee728b)
Start importing Assets/Scripts/HexGrid.cs using Guid(a79bef3c263281040bdeecc1bc21b192) Importer(815301076,1909f56bfc062723c751e8b465ee728b)  -> (artifact id: '428e271fe68157f0eeb866ee2e3318a5') in 0.017676 seconds 
  Import took 0.038764 seconds .

AssetImportWorkerClient::OnTransportError - code=2 error=End of file
